2021-05-11 19:40:08 pid:324207 Workerman[server.php] start in DEBUG mode
2021-05-11 19:40:23 pid:324207 Workerman[server.php] stopping ...
2021-05-11 19:40:23 pid:324207 Workerman[server.php] has been stopped
2021-05-11 19:45:12 pid:324359 Workerman[server.php] start in DEBUG mode
2021-05-11 19:45:24 pid:324359 Workerman[server.php] stopping ...
2021-05-11 19:45:24 pid:324359 Workerman[server.php] has been stopped
2021-05-11 19:46:15 pid:324384 Workerman[server.php] start in DEBUG mode
2021-05-11 19:46:28 pid:324384 Workerman[server.php] stopping ...
2021-05-11 19:46:28 pid:324384 Workerman[server.php] has been stopped
2021-05-11 19:47:07 pid:324405 Workerman[server.php] start in DEBUG mode
2021-05-11 19:47:14 pid:324405 Workerman[server.php] stopping ...
2021-05-11 19:47:14 pid:324405 Workerman[server.php] has been stopped
2021-05-11 19:48:16 pid:324425 Workerman[server.php] start in DEBUG mode
2021-05-11 19:50:00 pid:324448 Workerman[server.php] start in DEBUG mode
2021-05-11 19:50:17 pid:324522 Workerman[server.php] start in DEBUG mode
2021-05-11 19:50:28 pid:324522 Workerman[server.php] stopping ...
2021-05-11 19:50:28 pid:324522 Workerman[server.php] has been stopped
2021-05-11 19:56:22 pid:324730 Workerman[server.php] start in DEBUG mode
2021-05-11 19:56:36 pid:324730 Workerman[server.php] stopping ...
2021-05-11 19:56:36 pid:324730 Workerman[server.php] has been stopped
2021-05-11 19:58:58 pid:324767 Workerman[server.php] start in DEBUG mode
2021-05-11 19:59:05 pid:324767 Workerman[server.php] stopping ...
2021-05-11 19:59:05 pid:324767 Workerman[server.php] has been stopped
2021-05-11 20:00:07 pid:324865 Workerman[server.php] start in DEBUG mode
2021-05-11 20:00:19 pid:324865 Workerman[server.php] stopping ...
2021-05-11 20:00:19 pid:324865 Workerman[server.php] has been stopped
2021-05-11 20:03:27 pid:324922 Workerman[server.php] start in DEBUG mode
2021-05-11 20:03:34 pid:324922 Workerman[server.php] stopping ...
2021-05-11 20:03:34 pid:324922 Workerman[server.php] has been stopped
2021-05-11 20:04:31 pid:324946 Workerman[server.php] start in DEBUG mode
2021-05-11 20:04:43 pid:324946 Workerman[server.php] stopping ...
2021-05-11 20:04:43 pid:324946 Workerman[server.php] has been stopped
2021-05-11 20:07:10 pid:325054 Workerman[server.php] start in DEBUG mode
2021-05-11 20:07:20 pid:325054 Workerman[server.php] stopping ...
2021-05-11 20:07:20 pid:325054 Workerman[server.php] has been stopped
2021-05-11 20:08:49 pid:325075 Workerman[server.php] start in DEBUG mode
2021-05-11 20:08:58 pid:325075 Workerman[server.php] stopping ...
2021-05-11 20:08:58 pid:325075 Workerman[server.php] has been stopped
2021-05-11 20:09:41 pid:325184 Workerman[server.php] start in DEBUG mode
2021-05-11 20:09:45 pid:325184 Workerman[server.php] stopping ...
2021-05-11 20:09:45 pid:325184 Workerman[server.php] has been stopped
2021-05-11 20:11:14 pid:325271 Workerman[server.php] start in DEBUG mode
2021-05-11 20:11:23 pid:325271 Workerman[server.php] stopping ...
2021-05-11 20:11:23 pid:325271 Workerman[server.php] has been stopped
2021-05-11 20:11:44 pid:325273 Workerman[server.php] start in DEBUG mode
2021-05-11 20:11:57 pid:325273 Workerman[server.php] stopping ...
2021-05-11 20:11:57 pid:325273 Workerman[server.php] has been stopped
2021-05-11 20:15:07 pid:325397 Workerman[server.php] start in DEBUG mode
2021-05-11 20:15:16 pid:325397 Workerman[server.php] stopping ...
2021-05-11 20:15:16 pid:325397 Workerman[server.php] has been stopped
2021-05-11 20:15:53 pid:325400 Workerman[server.php] start in DEBUG mode
2021-05-11 20:15:59 pid:325400 Workerman[server.php] stopping ...
2021-05-11 20:15:59 pid:325400 Workerman[server.php] has been stopped
2021-05-11 20:18:22 pid:325457 Workerman[server.php] start in DEBUG mode
2021-05-11 20:18:27 pid:325457 Workerman[server.php] stopping ...
2021-05-11 20:18:27 pid:325457 Workerman[server.php] has been stopped
2021-05-11 20:23:26 pid:325614 Workerman[server.php] start in DEBUG mode
2021-05-11 20:23:34 pid:325614 Workerman[server.php] stopping ...
2021-05-11 20:23:34 pid:325614 Workerman[server.php] has been stopped
2021-05-11 20:25:38 pid:325706 Workerman[server.php] start in DEBUG mode
2021-05-11 20:26:34 pid:325706 Workerman[server.php] stopping ...
2021-05-11 20:26:34 pid:325706 Workerman[server.php] has been stopped
2021-05-11 20:28:20 pid:325759 Workerman[server.php] start in DEBUG mode
2021-05-11 20:28:36 pid:325759 Workerman[server.php] stopping ...
2021-05-11 20:28:36 pid:325759 Workerman[server.php] has been stopped
2021-05-11 20:31:35 pid:325911 Workerman[server.php] start in DEBUG mode
2021-05-11 20:31:42 pid:325911 Workerman[server.php] stopping ...
2021-05-11 20:31:42 pid:325911 Workerman[server.php] has been stopped
2021-05-11 20:37:46 pid:326086 Workerman[server.php] start in DEBUG mode
2021-05-11 20:37:51 pid:326086 Workerman[server.php] stopping ...
2021-05-11 20:37:51 pid:326086 Workerman[server.php] has been stopped
2021-05-11 20:42:28 pid:326334 Workerman[server.php] start in DEBUG mode
2021-05-11 20:42:39 pid:326334 Workerman[server.php] stopping ...
2021-05-11 20:42:39 pid:326334 Workerman[server.php] has been stopped
2021-05-12 01:58:22 pid:337162 Workerman[server.php] start in DEBUG mode
2021-05-12 01:58:33 pid:337162 Workerman[server.php] stopping ...
2021-05-12 01:58:33 pid:337162 Workerman[server.php] has been stopped
2021-05-12 01:59:59 pid:337189 Workerman[server.php] start in DEBUG mode
2021-05-12 02:00:07 pid:337189 Workerman[server.php] stopping ...
2021-05-12 02:00:07 pid:337189 Workerman[server.php] has been stopped
2021-05-12 02:04:48 pid:337362 Workerman[server.php] start in DEBUG mode
2021-05-12 02:04:54 pid:337362 Workerman[server.php] stopping ...
2021-05-12 02:04:54 pid:337362 Workerman[server.php] has been stopped
2021-05-12 02:06:12 pid:337443 Workerman[server.php] start in DEBUG mode
2021-05-12 02:06:18 pid:337443 Workerman[server.php] stopping ...
2021-05-12 02:06:18 pid:337443 Workerman[server.php] has been stopped
2021-05-12 02:08:46 pid:337554 Workerman[server.php] start in DEBUG mode
2021-05-12 02:09:12 pid:337580 Workerman[server.php] start in DEBUG mode
2021-05-12 02:09:21 pid:337580 Workerman[server.php] stopping ...
2021-05-12 02:09:21 pid:337580 Workerman[server.php] has been stopped
2021-05-12 02:13:47 pid:337809 Workerman[server.php] start in DEBUG mode
2021-05-12 02:13:59 pid:337809 Workerman[server.php] stopping ...
2021-05-12 02:13:59 pid:337809 Workerman[server.php] has been stopped
2021-05-12 02:15:30 pid:337907 Workerman[server.php] start in DEBUG mode
2021-05-12 02:15:36 pid:337907 Workerman[server.php] stopping ...
2021-05-12 02:15:36 pid:337907 Workerman[server.php] has been stopped
2021-05-12 10:10:04 pid:357651 Workerman[server.php] start in DEBUG mode
2021-05-12 10:17:31 pid:357903 Workerman[server.php] start in DEBUG mode
2021-05-12 10:18:06 pid:357927 Workerman[server.php] start in DEBUG mode
2021-05-12 10:18:25 pid:357927 Workerman[server.php] stopping ...
2021-05-12 10:18:25 pid:357927 Workerman[server.php] has been stopped
2021-05-12 10:20:22 pid:358047 Workerman[server.php] start in DEBUG mode
2021-05-12 10:20:27 pid:358047 Workerman[server.php] stopping ...
2021-05-12 10:20:27 pid:358047 Workerman[server.php] has been stopped
2021-05-12 10:24:26 pid:358163 Workerman[server.php] start in DEBUG mode
2021-05-12 20:50:36 pid:358163 Workerman[server.php] stopping ...
2021-05-12 20:50:36 pid:358163 Workerman[server.php] has been stopped
2021-05-12 20:50:42 pid:384047 Workerman[server.php] start in DEBUG mode
2021-05-19 15:00:28 pid:384047 Workerman[server.php] stopping ...
2021-05-19 15:00:28 pid:384047 Workerman[server.php] has been stopped
2021-05-19 15:00:37 pid:809537 Workerman[server.php] start in DEBUG mode
2021-05-19 15:01:15 pid:809538 Error: Cannot use object of type stdClass as array in /var/www/www-root/data/www/condicam.ru/server.php:243
Stack trace:
#0 /var/www/www-root/data/www/condicam.ru/workerman/Connection/TcpConnection.php(637): {closure}()
#1 /var/www/www-root/data/www/condicam.ru/workerman/Events/Select.php(293): Workerman\Connection\TcpConnection->baseRead()
#2 /var/www/www-root/data/www/condicam.ru/workerman/Worker.php(2430): Workerman\Events\Select->loop()
#3 /var/www/www-root/data/www/condicam.ru/workerman/Worker.php(1554): Workerman\Worker->run()
#4 /var/www/www-root/data/www/condicam.ru/workerman/Worker.php(1384): Workerman\Worker::forkOneWorkerForLinux()
#5 /var/www/www-root/data/www/condicam.ru/workerman/Worker.php(1358): Workerman\Worker::forkWorkersForLinux()
#6 /var/www/www-root/data/www/condicam.ru/workerman/Worker.php(542): Workerman\Worker::forkWorkers()
#7 /var/www/www-root/data/www/condicam.ru/server.php(377): Workerman\Worker::runAll()
#8 {main}
2021-05-19 15:01:15 pid:809538 Worker[809538] process terminated
2021-05-19 15:01:15 pid:809537 worker[none:809538] exit with status 64000
2021-05-19 15:03:14 pid:809537 Workerman[server.php] stopping ...
2021-05-19 15:03:14 pid:809537 Workerman[server.php] has been stopped
2021-05-19 15:03:22 pid:809621 Workerman[server.php] start in DEBUG mode
2021-05-19 15:04:11 pid:809622 Error: Cannot use object of type stdClass as array in /var/www/www-root/data/www/condicam.ru/server.php:243
Stack trace:
#0 /var/www/www-root/data/www/condicam.ru/workerman/Connection/TcpConnection.php(637): {closure}()
#1 /var/www/www-root/data/www/condicam.ru/workerman/Events/Select.php(293): Workerman\Connection\TcpConnection->baseRead()
#2 /var/www/www-root/data/www/condicam.ru/workerman/Worker.php(2430): Workerman\Events\Select->loop()
#3 /var/www/www-root/data/www/condicam.ru/workerman/Worker.php(1554): Workerman\Worker->run()
#4 /var/www/www-root/data/www/condicam.ru/workerman/Worker.php(1384): Workerman\Worker::forkOneWorkerForLinux()
#5 /var/www/www-root/data/www/condicam.ru/workerman/Worker.php(1358): Workerman\Worker::forkWorkersForLinux()
#6 /var/www/www-root/data/www/condicam.ru/workerman/Worker.php(542): Workerman\Worker::forkWorkers()
#7 /var/www/www-root/data/www/condicam.ru/server.php(377): Workerman\Worker::runAll()
#8 {main}
2021-05-19 15:04:11 pid:809622 Worker[809622] process terminated
2021-05-19 15:04:11 pid:809621 worker[none:809622] exit with status 64000
2021-05-19 15:07:40 pid:809621 Workerman[server.php] stopping ...
2021-05-19 15:07:40 pid:809621 Workerman[server.php] has been stopped
2021-05-19 15:07:46 pid:809793 Workerman[server.php] start in DEBUG mode
2021-05-19 15:08:11 pid:809794 Error: Cannot use object of type stdClass as array in /var/www/www-root/data/www/condicam.ru/server.php:243
Stack trace:
#0 /var/www/www-root/data/www/condicam.ru/workerman/Connection/TcpConnection.php(637): {closure}()
#1 /var/www/www-root/data/www/condicam.ru/workerman/Events/Select.php(293): Workerman\Connection\TcpConnection->baseRead()
#2 /var/www/www-root/data/www/condicam.ru/workerman/Worker.php(2430): Workerman\Events\Select->loop()
#3 /var/www/www-root/data/www/condicam.ru/workerman/Worker.php(1554): Workerman\Worker->run()
#4 /var/www/www-root/data/www/condicam.ru/workerman/Worker.php(1384): Workerman\Worker::forkOneWorkerForLinux()
#5 /var/www/www-root/data/www/condicam.ru/workerman/Worker.php(1358): Workerman\Worker::forkWorkersForLinux()
#6 /var/www/www-root/data/www/condicam.ru/workerman/Worker.php(542): Workerman\Worker::forkWorkers()
#7 /var/www/www-root/data/www/condicam.ru/server.php(376): Workerman\Worker::runAll()
#8 {main}
2021-05-19 15:08:11 pid:809794 Worker[809794] process terminated
2021-05-19 15:08:12 pid:809793 worker[none:809794] exit with status 64000
2021-05-19 15:10:23 pid:809793 Workerman[server.php] stopping ...
2021-05-19 15:10:23 pid:809793 Workerman[server.php] has been stopped
2021-05-19 15:10:32 pid:810011 Workerman[server.php] start in DEBUG mode
2021-05-19 15:11:43 pid:810011 Workerman[server.php] stopping ...
2021-05-19 15:11:43 pid:810011 Workerman[server.php] has been stopped
2021-05-19 15:11:51 pid:810047 Workerman[server.php] start in DEBUG mode
2021-05-26 23:18:26 pid:2339 Workerman[server.php] start in DEBUG mode
2021-07-02 23:42:13 pid:188024 Workerman[server.php] start in DEBUG mode
